# JRE version: OpenJDK Runtime Environment (8.0_111-b16) (build 1.8.0_111-b16)
# Java VM: OpenJDK 64-Bit Server VM (25.111-b16 mixed mode linux-amd64 compressed oops)
Heap:
 PSYoungGen      total 84992K, used 0K [0x0000000782f80000, 0x000000078c600000, 0x00000007c0000000)
  eden space 77312K, 0% used [0x0000000782f80000,0x0000000782f80000,0x0000000787b00000)
  from space 7680K, 0% used [0x0000000787b00000,0x0000000787b00000,0x0000000788280000)
  to   space 12288K, 0% used [0x000000078ba00000,0x000000078ba00000,0x000000078c600000)
 ParOldGen       total 181760K, used 120370K [0x0000000708e00000, 0x0000000713f80000, 0x0000000782f80000)
  object space 181760K, 66% used [0x0000000708e00000,0x000000071038cbf8,0x0000000713f80000)
 Metaspace       used 25798K, capacity 26874K, committed 27008K, reserved 1073152K
  class space    used 3201K, capacity 3603K, committed 3712K, reserved 1048576K
GC Heap History (10 events):
Event: 2.171 GC heap after
Heap after GC invocations=3 (full 1):
 PSYoungGen      total 54784K, used 0K [0x0000000782f80000, 0x0000000789a80000, 0x00000007c0000000)
  eden space 47104K, 0% used [0x0000000782f80000,0x0000000782f80000,0x0000000785d80000)
  from space 7680K, 0% used [0x0000000786500000,0x0000000786500000,0x0000000786c80000)
  to   space 7680K, 0% used [0x0000000785d80000,0x0000000785d80000,0x0000000786500000)
 ParOldGen       total 82432K, used 8755K [0x0000000708e00000, 0x000000070de80000, 0x0000000782f80000)
  object space 82432K, 10% used [0x0000000708e00000,0x000000070968cea8,0x000000070de80000)
 Metaspace       used 20323K, capacity 21170K, committed 21248K, reserved 1067008K
  class space    used 2417K, capacity 2791K, committed 2816K, reserved 1048576K
}
Event: 2.597 GC heap before
{Heap before GC invocations=4 (full 1):
 PSYoungGen      total 54784K, used 47104K [0x0000000782f80000, 0x0000000789a80000, 0x00000007c0000000)
  eden space 47104K, 100% used [0x0000000782f80000,0x0000000785d80000,0x0000000785d80000)
  from space 7680K, 0% used [0x0000000786500000,0x0000000786500000,0x0000000786c80000)
  to   space 7680K, 0% used [0x0000000785d80000,0x0000000785d80000,0x0000000786500000)
 ParOldGen       total 82432K, used 8755K [0x0000000708e00000, 0x000000070de80000, 0x0000000782f80000)
  object space 82432K, 10% used [0x0000000708e00000,0x000000070968cea8,0x000000070de80000)
 Metaspace       used 25670K, capacity 26712K, committed 27008K, reserved 1073152K
  class space    used 3194K, capacity 3596K, committed 3712K, reserved 1048576K
Event: 2.627 GC heap after
Heap after GC invocations=4 (full 1):
 PSYoungGen      total 54784K, used 5012K [0x0000000782f80000, 0x0000000788c80000, 0x00000007c0000000)
  eden space 47104K, 0% used [0x0000000782f80000,0x0000000782f80000,0x0000000785d80000)
  from space 7680K, 65% used [0x0000000785d80000,0x0000000786265220,0x0000000786500000)
  to   space 7680K, 0% used [0x0000000788500000,0x0000000788500000,0x0000000788c80000)
 ParOldGen       total 82432K, used 25147K [0x0000000708e00000, 0x000000070de80000, 0x0000000782f80000)
  object space 82432K, 30% used [0x0000000708e00000,0x000000070a68eeb8,0x000000070de80000)
 Metaspace       used 25670K, capacity 26712K, committed 27008K, reserved 1073152K
  class space    used 3194K, capacity 3596K, committed 3712K, reserved 1048576K
}
Event: 12.367 GC heap before
{Heap before GC invocations=5 (full 1):
 PSYoungGen      total 54784K, used 42053K [0x0000000782f80000, 0x0000000788c80000, 0x00000007c0000000)
  eden space 47104K, 78% used [0x0000000782f80000,0x00000007853ac320,0x0000000785d80000)
  from space 7680K, 65% used [0x0000000785d80000,0x0000000786265220,0x0000000786500000)
  to   space 7680K, 0% used [0x0000000788500000,0x0000000788500000,0x0000000788c80000)
 ParOldGen       total 82432K, used 25147K [0x0000000708e00000, 0x000000070de80000, 0x0000000782f80000)
  object space 82432K, 30% used [0x0000000708e00000,0x000000070a68eeb8,0x000000070de80000)
 Metaspace       used 25726K, capacity 26806K, committed 27008K, reserved 1073152K
  class space    used 3200K, capacity 3603K, committed 3712K, reserved 1048576K
Event: 12.391 GC heap after
Heap after GC invocations=5 (full 1):
 PSYoungGen      total 82432K, used 2688K [0x0000000782f80000, 0x0000000788a00000, 0x00000007c0000000)
  eden space 77312K, 0% used [0x0000000782f80000,0x0000000782f80000,0x0000000787b00000)
  from space 5120K, 52% used [0x0000000788500000,0x00000007887a0020,0x0000000788a00000)
  to   space 7680K, 0% used [0x0000000787b00000,0x0000000787b00000,0x0000000788280000)
 ParOldGen       total 82432K, used 57915K [0x0000000708e00000, 0x000000070de80000, 0x0000000782f80000)
  object space 82432K, 70% used [0x0000000708e00000,0x000000070c68eed8,0x000000070de80000)
 Metaspace       used 25726K, capacity 26806K, committed 27008K, reserved 1073152K
  class space    used 3200K, capacity 3603K, committed 3712K, reserved 1048576K
}
Event: 12.391 GC heap before
{Heap before GC invocations=6 (full 2):
 PSYoungGen      total 82432K, used 2688K [0x0000000782f80000, 0x0000000788a00000, 0x00000007c0000000)
  eden space 77312K, 0% used [0x0000000782f80000,0x0000000782f80000,0x0000000787b00000)
  from space 5120K, 52% used [0x0000000788500000,0x00000007887a0020,0x0000000788a00000)
  to   space 7680K, 0% used [0x0000000787b00000,0x0000000787b00000,0x0000000788280000)
 ParOldGen       total 82432K, used 57915K [0x0000000708e00000, 0x000000070de80000, 0x0000000782f80000)
  object space 82432K, 70% used [0x0000000708e00000,0x000000070c68eed8,0x000000070de80000)
 Metaspace       used 25726K, capacity 26806K, committed 27008K, reserved 1073152K
  class space    used 3200K, capacity 3603K, committed 3712K, reserved 1048576K
Event: 12.428 GC heap after
Heap after GC invocations=6 (full 2):
 PSYoungGen      total 82432K, used 0K [0x0000000782f80000, 0x0000000788a00000, 0x00000007c0000000)
  eden space 77312K, 0% used [0x0000000782f80000,0x0000000782f80000,0x0000000787b00000)
  from space 5120K, 0% used [0x0000000788500000,0x0000000788500000,0x0000000788a00000)
  to   space 7680K, 0% used [0x0000000787b00000,0x0000000787b00000,0x0000000788280000)
 ParOldGen       total 181760K, used 54747K [0x0000000708e00000, 0x0000000713f80000, 0x0000000782f80000)
  object space 181760K, 30% used [0x0000000708e00000,0x000000070c376e18,0x0000000713f80000)
 Metaspace       used 25726K, capacity 26806K, committed 27008K, reserved 1073152K
  class space    used 3200K, capacity 3603K, committed 3712K, reserved 1048576K
}
Event: 42.505 GC heap before
{Heap before GC invocations=7 (full 2):
 PSYoungGen      total 82432K, used 69343K [0x0000000782f80000, 0x0000000788a00000, 0x00000007c0000000)
  eden space 77312K, 89% used [0x0000000782f80000,0x0000000787337ca8,0x0000000787b00000)
  from space 5120K, 0% used [0x0000000788500000,0x0000000788500000,0x0000000788a00000)
  to   space 7680K, 0% used [0x0000000787b00000,0x0000000787b00000,0x0000000788280000)
 ParOldGen       total 181760K, used 54747K [0x0000000708e00000, 0x0000000713f80000, 0x0000000782f80000)
  object space 181760K, 30% used [0x0000000708e00000,0x000000070c376e18,0x0000000713f80000)
 Metaspace       used 25798K, capacity 26874K, committed 27008K, reserved 1073152K
  class space    used 3201K, capacity 3603K, committed 3712K, reserved 1048576K
Event: 42.557 GC heap after
Heap after GC invocations=7 (full 2):
 PSYoungGen      total 84992K, used 160K [0x0000000782f80000, 0x000000078c600000, 0x00000007c0000000)
  eden space 77312K, 0% used [0x0000000782f80000,0x0000000782f80000,0x0000000787b00000)
  from space 7680K, 2% used [0x0000000787b00000,0x0000000787b28000,0x0000000788280000)
  to   space 12288K, 0% used [0x000000078ba00000,0x000000078ba00000,0x000000078c600000)
 ParOldGen       total 181760K, used 120291K [0x0000000708e00000, 0x0000000713f80000, 0x0000000782f80000)
  object space 181760K, 66% used [0x0000000708e00000,0x0000000710378e58,0x0000000713f80000)
 Metaspace       used 25798K, capacity 26874K, committed 27008K, reserved 1073152K
  class space    used 3201K, capacity 3603K, committed 3712K, reserved 1048576K
}
Event: 42.557 GC heap before
{Heap before GC invocations=8 (full 3):
 PSYoungGen      total 84992K, used 160K [0x0000000782f80000, 0x000000078c600000, 0x00000007c0000000)
  eden space 77312K, 0% used [0x0000000782f80000,0x0000000782f80000,0x0000000787b00000)
  from space 7680K, 2% used [0x0000000787b00000,0x0000000787b28000,0x0000000788280000)
  to   space 12288K, 0% used [0x000000078ba00000,0x000000078ba00000,0x000000078c600000)
 ParOldGen       total 181760K, used 120291K [0x0000000708e00000, 0x0000000713f80000, 0x0000000782f80000)
  object space 181760K, 66% used [0x0000000708e00000,0x0000000710378e58,0x0000000713f80000)
 Metaspace       used 25798K, capacity 26874K, committed 27008K, reserved 1073152K
  class space    used 3201K, capacity 3603K, committed 3712K, reserved 1048576K

