# JRE version: OpenJDK Runtime Environment (8.0_111-b16) (build 1.8.0_111-b16)
# Java VM: OpenJDK 64-Bit Server VM (25.111-b16 mixed mode linux-amd64 compressed oops)
Heap:
 PSYoungGen      total 82944K, used 0K [0x0000000782f80000, 0x000000078bb00000, 0x00000007c0000000)
  eden space 75264K, 0% used [0x0000000782f80000,0x0000000782f80000,0x0000000787900000)
  from space 7680K, 0% used [0x0000000787900000,0x0000000787900000,0x0000000788080000)
  to   space 12288K, 0% used [0x000000078af00000,0x000000078af00000,0x000000078bb00000)
 ParOldGen       total 156160K, used 120361K [0x0000000708e00000, 0x0000000712680000, 0x0000000782f80000)
  object space 156160K, 77% used [0x0000000708e00000,0x000000071038a710,0x0000000712680000)
 Metaspace       used 25801K, capacity 26874K, committed 27008K, reserved 1073152K
  class space    used 3201K, capacity 3603K, committed 3712K, reserved 1048576K
GC Heap History (10 events):
Event: 5.719 GC heap after
Heap after GC invocations=3 (full 1):
 PSYoungGen      total 54784K, used 0K [0x0000000782f80000, 0x0000000786c80000, 0x00000007c0000000)
  eden space 47104K, 0% used [0x0000000782f80000,0x0000000782f80000,0x0000000785d80000)
  from space 7680K, 0% used [0x0000000786500000,0x0000000786500000,0x0000000786c80000)
  to   space 7680K, 0% used [0x0000000785d80000,0x0000000785d80000,0x0000000786500000)
 ParOldGen       total 57856K, used 8759K [0x0000000708e00000, 0x000000070c680000, 0x0000000782f80000)
  object space 57856K, 15% used [0x0000000708e00000,0x000000070968dff8,0x000000070c680000)
 Metaspace       used 20318K, capacity 21170K, committed 21248K, reserved 1067008K
  class space    used 2417K, capacity 2791K, committed 2816K, reserved 1048576K
}
Event: 6.393 GC heap before
{Heap before GC invocations=4 (full 1):
 PSYoungGen      total 54784K, used 47104K [0x0000000782f80000, 0x0000000786c80000, 0x00000007c0000000)
  eden space 47104K, 100% used [0x0000000782f80000,0x0000000785d80000,0x0000000785d80000)
  from space 7680K, 0% used [0x0000000786500000,0x0000000786500000,0x0000000786c80000)
  to   space 7680K, 0% used [0x0000000785d80000,0x0000000785d80000,0x0000000786500000)
 ParOldGen       total 57856K, used 8759K [0x0000000708e00000, 0x000000070c680000, 0x0000000782f80000)
  object space 57856K, 15% used [0x0000000708e00000,0x000000070968dff8,0x000000070c680000)
 Metaspace       used 25670K, capacity 26712K, committed 27008K, reserved 1073152K
  class space    used 3194K, capacity 3596K, committed 3712K, reserved 1048576K
Event: 6.409 GC heap after
Heap after GC invocations=4 (full 1):
 PSYoungGen      total 54784K, used 5014K [0x0000000782f80000, 0x0000000788a00000, 0x00000007c0000000)
  eden space 47104K, 0% used [0x0000000782f80000,0x0000000782f80000,0x0000000785d80000)
  from space 7680K, 65% used [0x0000000785d80000,0x0000000786265878,0x0000000786500000)
  to   space 7680K, 0% used [0x0000000788280000,0x0000000788280000,0x0000000788a00000)
 ParOldGen       total 57856K, used 25144K [0x0000000708e00000, 0x000000070c680000, 0x0000000782f80000)
  object space 57856K, 43% used [0x0000000708e00000,0x000000070a68e008,0x000000070c680000)
 Metaspace       used 25670K, capacity 26712K, committed 27008K, reserved 1073152K
  class space    used 3194K, capacity 3596K, committed 3712K, reserved 1048576K
}
Event: 16.010 GC heap before
{Heap before GC invocations=5 (full 1):
 PSYoungGen      total 54784K, used 42291K [0x0000000782f80000, 0x0000000788a00000, 0x00000007c0000000)
  eden space 47104K, 79% used [0x0000000782f80000,0x00000007853e7720,0x0000000785d80000)
  from space 7680K, 65% used [0x0000000785d80000,0x0000000786265878,0x0000000786500000)
  to   space 7680K, 0% used [0x0000000788280000,0x0000000788280000,0x0000000788a00000)
 ParOldGen       total 57856K, used 25144K [0x0000000708e00000, 0x000000070c680000, 0x0000000782f80000)
  object space 57856K, 43% used [0x0000000708e00000,0x000000070a68e008,0x000000070c680000)
 Metaspace       used 25744K, capacity 26806K, committed 27008K, reserved 1073152K
  class space    used 3201K, capacity 3603K, committed 3712K, reserved 1048576K
Event: 16.041 GC heap after
Heap after GC invocations=5 (full 1):
 PSYoungGen      total 80896K, used 2612K [0x0000000782f80000, 0x0000000788800000, 0x00000007c0000000)
  eden space 75264K, 0% used [0x0000000782f80000,0x0000000782f80000,0x0000000787900000)
  from space 5632K, 46% used [0x0000000788280000,0x000000078850d030,0x0000000788800000)
  to   space 7680K, 0% used [0x0000000787900000,0x0000000787900000,0x0000000788080000)
 ParOldGen       total 74752K, used 57920K [0x0000000708e00000, 0x000000070d700000, 0x0000000782f80000)
  object space 74752K, 77% used [0x0000000708e00000,0x000000070c690028,0x000000070d700000)
 Metaspace       used 25744K, capacity 26806K, committed 27008K, reserved 1073152K
  class space    used 3201K, capacity 3603K, committed 3712K, reserved 1048576K
}
Event: 16.041 GC heap before
{Heap before GC invocations=6 (full 2):
 PSYoungGen      total 80896K, used 2612K [0x0000000782f80000, 0x0000000788800000, 0x00000007c0000000)
  eden space 75264K, 0% used [0x0000000782f80000,0x0000000782f80000,0x0000000787900000)
  from space 5632K, 46% used [0x0000000788280000,0x000000078850d030,0x0000000788800000)
  to   space 7680K, 0% used [0x0000000787900000,0x0000000787900000,0x0000000788080000)
 ParOldGen       total 74752K, used 57920K [0x0000000708e00000, 0x000000070d700000, 0x0000000782f80000)
  object space 74752K, 77% used [0x0000000708e00000,0x000000070c690028,0x000000070d700000)
 Metaspace       used 25744K, capacity 26806K, committed 27008K, reserved 1073152K
  class space    used 3201K, capacity 3603K, committed 3712K, reserved 1048576K
Event: 16.090 GC heap after
Heap after GC invocations=6 (full 2):
 PSYoungGen      total 80896K, used 0K [0x0000000782f80000, 0x0000000788800000, 0x00000007c0000000)
  eden space 75264K, 0% used [0x0000000782f80000,0x0000000782f80000,0x0000000787900000)
  from space 5632K, 0% used [0x0000000788280000,0x0000000788280000,0x0000000788800000)
  to   space 7680K, 0% used [0x0000000787900000,0x0000000787900000,0x0000000788080000)
 ParOldGen       total 156160K, used 54756K [0x0000000708e00000, 0x0000000712680000, 0x0000000782f80000)
  object space 156160K, 35% used [0x0000000708e00000,0x000000070c379190,0x0000000712680000)
 Metaspace       used 25744K, capacity 26806K, committed 27008K, reserved 1073152K
  class space    used 3201K, capacity 3603K, committed 3712K, reserved 1048576K
}
Event: 46.832 GC heap before
{Heap before GC invocations=7 (full 2):
 PSYoungGen      total 80896K, used 69243K [0x0000000782f80000, 0x0000000788800000, 0x00000007c0000000)
  eden space 75264K, 92% used [0x0000000782f80000,0x000000078731ec10,0x0000000787900000)
  from space 5632K, 0% used [0x0000000788280000,0x0000000788280000,0x0000000788800000)
  to   space 7680K, 0% used [0x0000000787900000,0x0000000787900000,0x0000000788080000)
 ParOldGen       total 156160K, used 54756K [0x0000000708e00000, 0x0000000712680000, 0x0000000782f80000)
  object space 156160K, 35% used [0x0000000708e00000,0x000000070c379190,0x0000000712680000)
 Metaspace       used 25801K, capacity 26874K, committed 27008K, reserved 1073152K
  class space    used 3201K, capacity 3603K, committed 3712K, reserved 1048576K
Event: 46.921 GC heap after
Heap after GC invocations=7 (full 2):
 PSYoungGen      total 82944K, used 192K [0x0000000782f80000, 0x000000078bb00000, 0x00000007c0000000)
  eden space 75264K, 0% used [0x0000000782f80000,0x0000000782f80000,0x0000000787900000)
  from space 7680K, 2% used [0x0000000787900000,0x0000000787930000,0x0000000788080000)
  to   space 12288K, 0% used [0x000000078af00000,0x000000078af00000,0x000000078bb00000)
 ParOldGen       total 156160K, used 120300K [0x0000000708e00000, 0x0000000712680000, 0x0000000782f80000)
  object space 156160K, 77% used [0x0000000708e00000,0x000000071037b1d0,0x0000000712680000)
 Metaspace       used 25801K, capacity 26874K, committed 27008K, reserved 1073152K
  class space    used 3201K, capacity 3603K, committed 3712K, reserved 1048576K
}
Event: 46.924 GC heap before
{Heap before GC invocations=8 (full 3):
 PSYoungGen      total 82944K, used 192K [0x0000000782f80000, 0x000000078bb00000, 0x00000007c0000000)
  eden space 75264K, 0% used [0x0000000782f80000,0x0000000782f80000,0x0000000787900000)
  from space 7680K, 2% used [0x0000000787900000,0x0000000787930000,0x0000000788080000)
  to   space 12288K, 0% used [0x000000078af00000,0x000000078af00000,0x000000078bb00000)
 ParOldGen       total 156160K, used 120300K [0x0000000708e00000, 0x0000000712680000, 0x0000000782f80000)
  object space 156160K, 77% used [0x0000000708e00000,0x000000071037b1d0,0x0000000712680000)
 Metaspace       used 25801K, capacity 26874K, committed 27008K, reserved 1073152K
  class space    used 3201K, capacity 3603K, committed 3712K, reserved 1048576K

